<?xml version="1.0" encoding="UTF-8"?>
<testsuite xmlns:xsi="http://www.w3.org/2001/XMLSchema-instance" xsi:noNamespaceSchemaLocation="https://maven.apache.org/surefire/maven-surefire-plugin/xsd/surefire-test-report-3.0.xsd" version="3.0" name="org.vasaviyuvajanasangha.kvcl.KvlcSecureApplicationTests" time="2.587" tests="1" errors="0" skipped="0" failures="0">
  <properties>
[...]
</properties>
  <testcase name="contextLoads" classname="org.vasaviyuvajanasangha.kvcl.KvlcSecureApplicationTests" time="0.384">
    <system-out><![CDATA[12:04:29.487 [main] INFO org.springframework.test.context.support.AnnotationConfigContextLoaderUtils -- Could not detect default configuration classes for test class [org.vasaviyuvajanasangha.kvcl.KvlcSecureApplicationTests]: KvlcSecureApplicationTests does not declare any static, non-private, non-final, nested classes annotated with @Configuration.
12:04:29.534 [main] INFO org.springframework.boot.test.context.SpringBootTestContextBootstrapper -- Found @SpringBootConfiguration org.vasaviyuvajanasangha.kvcl.KvlcSecureApplication for test class org.vasaviyuvajanasangha.kvcl.KvlcSecureApplicationTests

  .   ____          _            __ _ _
 /\\ / ___'_ __ _ _(_)_ __  __ _ \ \ \ \
( ( )\___ | '_ | '_| | '_ \/ _` | \ \ \ \
 \\/  ___)| |_)| | | | | || (_| |  ) ) ) )
  '  |____| .__|_| |_|_| |_\__, | / / / /
 =========|_|==============|___/=/_/_/_/
 :: Spring Boot ::                (v3.1.0)

2024-07-19T12:04:29.724+05:30  INFO 84559 --- [           main] o.v.kvcl.KvlcSecureApplicationTests      : Starting KvlcSecureApplicationTests using Java 21.0.3 with PID 84559 (started by suchithkumar in /Users/suchithkumar/git/kvcl-secure)
2024-07-19T12:04:29.724+05:30  INFO 84559 --- [           main] o.v.kvcl.KvlcSecureApplicationTests      : No active profile set, falling back to 1 default profile: "default"
2024-07-19T12:04:29.739+05:30 DEBUG 84559 --- [           main] o.s.w.c.s.GenericWebApplicationContext   : Refreshing org.springframework.web.context.support.GenericWebApplicationContext@408a247c
2024-07-19T12:04:30.027+05:30  INFO 84559 --- [           main] .s.d.r.c.RepositoryConfigurationDelegate : Bootstrapping Spring Data JPA repositories in DEFAULT mode.
2024-07-19T12:04:30.054+05:30  INFO 84559 --- [           main] .s.d.r.c.RepositoryConfigurationDelegate : Finished Spring Data repository scanning in 23 ms. Found 3 JPA repository interfaces.
2024-07-19T12:04:30.284+05:30  INFO 84559 --- [           main] o.hibernate.jpa.internal.util.LogHelper  : HHH000204: Processing PersistenceUnitInfo [name: default]
2024-07-19T12:04:30.313+05:30  INFO 84559 --- [           main] org.hibernate.Version                    : HHH000412: Hibernate ORM core version 6.2.2.Final
2024-07-19T12:04:30.314+05:30  INFO 84559 --- [           main] org.hibernate.cfg.Environment            : HHH000406: Using bytecode reflection optimizer
2024-07-19T12:04:30.372+05:30  INFO 84559 --- [           main] o.h.b.i.BytecodeProviderInitiator        : HHH000021: Bytecode provider name : bytebuddy
2024-07-19T12:04:30.436+05:30  INFO 84559 --- [           main] o.s.o.j.p.SpringPersistenceUnitInfo      : No LoadTimeWeaver setup: ignoring JPA class transformer
2024-07-19T12:04:30.447+05:30  INFO 84559 --- [           main] com.zaxxer.hikari.HikariDataSource       : HikariPool-1 - Starting...
2024-07-19T12:04:30.580+05:30  INFO 84559 --- [           main] com.zaxxer.hikari.pool.HikariPool        : HikariPool-1 - Added connection org.postgresql.jdbc.PgConnection@77ce88c4
2024-07-19T12:04:30.580+05:30  INFO 84559 --- [           main] com.zaxxer.hikari.HikariDataSource       : HikariPool-1 - Start completed.
2024-07-19T12:04:30.608+05:30  INFO 84559 --- [           main] org.hibernate.orm.dialect                : HHH035001: Using dialect: org.hibernate.dialect.PostgreSQLDialect, version: org.hibernate.engine.jdbc.env.internal.JdbcEnvironmentInitiator$DialectResolutionInfoImpl@67c21bf
2024-07-19T12:04:30.723+05:30  INFO 84559 --- [           main] o.h.b.i.BytecodeProviderInitiator        : HHH000021: Bytecode provider name : bytebuddy
2024-07-19T12:04:31.079+05:30  INFO 84559 --- [           main] o.h.e.t.j.p.i.JtaPlatformInitiator       : HHH000490: Using JtaPlatform implementation: [org.hibernate.engine.transaction.jta.platform.internal.NoJtaPlatform]
Hibernate: alter table if exists player alter column player_photo set data type oid
Hibernate: alter table if exists team alter column team_logo set data type oid
2024-07-19T12:04:31.132+05:30  INFO 84559 --- [           main] j.LocalContainerEntityManagerFactoryBean : Initialized JPA EntityManagerFactory for persistence unit 'default'
2024-07-19T12:04:31.326+05:30  WARN 84559 --- [           main] JpaBaseConfiguration$JpaWebConfiguration : spring.jpa.open-in-view is enabled by default. Therefore, database queries may be performed during view rendering. Explicitly configure spring.jpa.open-in-view to disable this warning
2024-07-19T12:04:31.404+05:30 DEBUG 84559 --- [           main] s.w.s.m.m.a.RequestMappingHandlerMapping : 16 mappings in 'requestMappingHandlerMapping'
2024-07-19T12:04:31.451+05:30 DEBUG 84559 --- [           main] o.s.w.s.handler.SimpleUrlHandlerMapping  : Patterns [/webjars/**, /**] in 'resourceHandlerMapping'
2024-07-19T12:04:31.463+05:30  INFO 84559 --- [           main] o.s.s.web.DefaultSecurityFilterChain     : Will secure any request with [org.springframework.security.web.session.DisableEncodeUrlFilter@3ef4a8fb, org.springframework.security.web.context.request.async.WebAsyncManagerIntegrationFilter@30f99ca1, org.springframework.security.web.context.SecurityContextHolderFilter@609edb55, org.springframework.security.web.header.HeaderWriterFilter@29ebaf2f, org.springframework.security.web.authentication.logout.LogoutFilter@1013aa94, org.springframework.security.web.authentication.UsernamePasswordAuthenticationFilter@341141ab, org.springframework.security.web.savedrequest.RequestCacheAwareFilter@13d1653, org.springframework.security.web.servletapi.SecurityContextHolderAwareRequestFilter@1a3a6216, org.springframework.security.web.authentication.AnonymousAuthenticationFilter@edb8f0c, org.springframework.security.web.access.ExceptionTranslationFilter@3abb6aa, org.springframework.security.web.access.intercept.AuthorizationFilter@3e0600a4]
2024-07-19T12:04:31.537+05:30 DEBUG 84559 --- [           main] s.w.s.m.m.a.RequestMappingHandlerAdapter : ControllerAdvice beans: 0 @ModelAttribute, 0 @InitBinder, 1 RequestBodyAdvice, 1 ResponseBodyAdvice
2024-07-19T12:04:31.553+05:30 DEBUG 84559 --- [           main] .m.m.a.ExceptionHandlerExceptionResolver : ControllerAdvice beans: 0 @ExceptionHandler, 1 ResponseBodyAdvice
2024-07-19T12:04:31.591+05:30  INFO 84559 --- [           main] o.v.kvcl.KvlcSecureApplicationTests      : Started KvlcSecureApplicationTests in 1.99 seconds (process running for 2.531)
]]></system-out>
    <system-err><![CDATA[WARNING: A Java agent has been loaded dynamically (/Users/suchithkumar/.m2/repository/net/bytebuddy/byte-buddy-agent/1.14.4/byte-buddy-agent-1.14.4.jar)
WARNING: If a serviceability tool is in use, please run with -XX:+EnableDynamicAgentLoading to hide this warning
WARNING: If a serviceability tool is not in use, please run with -Djdk.instrument.traceUsage for more information
WARNING: Dynamic loading of agents will be disallowed by default in a future release
]]></system-err>
  </testcase>
</testsuite>