<?xml version="1.0" encoding="UTF-8"?>
<testsuite xmlns:xsi="http://www.w3.org/2001/XMLSchema-instance" xsi:noNamespaceSchemaLocation="https://maven.apache.org/surefire/maven-surefire-plugin/xsd/surefire-test-report-3.0.xsd" version="3.0" name="org.vasaviyuvajanasangha.kvcl.KvlcSecureApplicationTests" time="9.551" tests="1" errors="0" skipped="0" failures="0">
  <properties>
[...]
</properties>
  <testcase name="contextLoads" classname="org.vasaviyuvajanasangha.kvcl.KvlcSecureApplicationTests" time="0.371">
    <system-out><![CDATA[12:20:25.041 [main] INFO org.springframework.test.context.support.AnnotationConfigContextLoaderUtils -- Could not detect default configuration classes for test class [org.vasaviyuvajanasangha.kvcl.KvlcSecureApplicationTests]: KvlcSecureApplicationTests does not declare any static, non-private, non-final, nested classes annotated with @Configuration.
12:20:25.087 [main] INFO org.springframework.boot.test.context.SpringBootTestContextBootstrapper -- Found @SpringBootConfiguration org.vasaviyuvajanasangha.kvcl.KvlcSecureApplication for test class org.vasaviyuvajanasangha.kvcl.KvlcSecureApplicationTests

  .   ____          _            __ _ _
 /\\ / ___'_ __ _ _(_)_ __  __ _ \ \ \ \
( ( )\___ | '_ | '_| | '_ \/ _` | \ \ \ \
 \\/  ___)| |_)| | | | | || (_| |  ) ) ) )
  '  |____| .__|_| |_|_| |_\__, | / / / /
 =========|_|==============|___/=/_/_/_/
 :: Spring Boot ::                (v3.1.0)

2024-07-19T12:20:25.272+05:30  INFO 85011 --- [           main] o.v.kvcl.KvlcSecureApplicationTests      : Starting KvlcSecureApplicationTests using Java 21.0.3 with PID 85011 (started by suchithkumar in /Users/suchithkumar/git/kvcl-secure)
2024-07-19T12:20:25.273+05:30  INFO 85011 --- [           main] o.v.kvcl.KvlcSecureApplicationTests      : No active profile set, falling back to 1 default profile: "default"
2024-07-19T12:20:25.290+05:30 DEBUG 85011 --- [           main] o.s.w.c.s.GenericWebApplicationContext   : Refreshing org.springframework.web.context.support.GenericWebApplicationContext@62a8fd44
2024-07-19T12:20:25.571+05:30  INFO 85011 --- [           main] .s.d.r.c.RepositoryConfigurationDelegate : Bootstrapping Spring Data JPA repositories in DEFAULT mode.
2024-07-19T12:20:25.598+05:30  INFO 85011 --- [           main] .s.d.r.c.RepositoryConfigurationDelegate : Finished Spring Data repository scanning in 23 ms. Found 3 JPA repository interfaces.
2024-07-19T12:20:25.831+05:30  INFO 85011 --- [           main] o.hibernate.jpa.internal.util.LogHelper  : HHH000204: Processing PersistenceUnitInfo [name: default]
2024-07-19T12:20:25.861+05:30  INFO 85011 --- [           main] org.hibernate.Version                    : HHH000412: Hibernate ORM core version 6.2.2.Final
2024-07-19T12:20:25.862+05:30  INFO 85011 --- [           main] org.hibernate.cfg.Environment            : HHH000406: Using bytecode reflection optimizer
2024-07-19T12:20:25.925+05:30  INFO 85011 --- [           main] o.h.b.i.BytecodeProviderInitiator        : HHH000021: Bytecode provider name : bytebuddy
2024-07-19T12:20:25.998+05:30  INFO 85011 --- [           main] o.s.o.j.p.SpringPersistenceUnitInfo      : No LoadTimeWeaver setup: ignoring JPA class transformer
2024-07-19T12:20:26.007+05:30  INFO 85011 --- [           main] com.zaxxer.hikari.HikariDataSource       : HikariPool-1 - Starting...
2024-07-19T12:20:29.107+05:30  INFO 85011 --- [           main] com.zaxxer.hikari.pool.HikariPool        : HikariPool-1 - Added connection org.postgresql.jdbc.PgConnection@184de357
2024-07-19T12:20:29.109+05:30  INFO 85011 --- [           main] com.zaxxer.hikari.HikariDataSource       : HikariPool-1 - Start completed.
2024-07-19T12:20:29.360+05:30  INFO 85011 --- [           main] org.hibernate.orm.dialect                : HHH035001: Using dialect: org.hibernate.dialect.PostgreSQLDialect, version: org.hibernate.engine.jdbc.env.internal.JdbcEnvironmentInitiator$DialectResolutionInfoImpl@1a84a8b2
2024-07-19T12:20:30.160+05:30  INFO 85011 --- [           main] o.h.b.i.BytecodeProviderInitiator        : HHH000021: Bytecode provider name : bytebuddy
2024-07-19T12:20:30.506+05:30  INFO 85011 --- [           main] o.h.e.t.j.p.i.JtaPlatformInitiator       : HHH000490: Using JtaPlatform implementation: [org.hibernate.engine.transaction.jta.platform.internal.NoJtaPlatform]
Hibernate: alter table if exists player drop constraint if exists FKdvd6ljes11r44igawmpm1mc5s
2024-07-19T12:20:30.731+05:30  WARN 85011 --- [           main] o.h.engine.jdbc.spi.SqlExceptionHelper   : SQL Warning Code: 0, SQLState: 00000
2024-07-19T12:20:30.732+05:30  WARN 85011 --- [           main] o.h.engine.jdbc.spi.SqlExceptionHelper   : relation "player" does not exist, skipping
Hibernate: drop table if exists app_user cascade
2024-07-19T12:20:30.945+05:30  WARN 85011 --- [           main] o.h.engine.jdbc.spi.SqlExceptionHelper   : SQL Warning Code: 0, SQLState: 00000
2024-07-19T12:20:30.945+05:30  WARN 85011 --- [           main] o.h.engine.jdbc.spi.SqlExceptionHelper   : table "app_user" does not exist, skipping
Hibernate: drop table if exists player cascade
2024-07-19T12:20:31.163+05:30  WARN 85011 --- [           main] o.h.engine.jdbc.spi.SqlExceptionHelper   : SQL Warning Code: 0, SQLState: 00000
2024-07-19T12:20:31.164+05:30  WARN 85011 --- [           main] o.h.engine.jdbc.spi.SqlExceptionHelper   : table "player" does not exist, skipping
Hibernate: drop table if exists team cascade
2024-07-19T12:20:31.382+05:30  WARN 85011 --- [           main] o.h.engine.jdbc.spi.SqlExceptionHelper   : SQL Warning Code: 0, SQLState: 00000
2024-07-19T12:20:31.383+05:30  WARN 85011 --- [           main] o.h.engine.jdbc.spi.SqlExceptionHelper   : table "team" does not exist, skipping
Hibernate: drop sequence if exists app_user_seq
2024-07-19T12:20:31.597+05:30  WARN 85011 --- [           main] o.h.engine.jdbc.spi.SqlExceptionHelper   : SQL Warning Code: 0, SQLState: 00000
2024-07-19T12:20:31.597+05:30  WARN 85011 --- [           main] o.h.engine.jdbc.spi.SqlExceptionHelper   : sequence "app_user_seq" does not exist, skipping
Hibernate: drop sequence if exists player_seq
Hibernate: drop sequence if exists team_seq
Hibernate: create sequence app_user_seq start with 1 increment by 50
Hibernate: create sequence player_seq start with 1 increment by 50
Hibernate: create sequence team_seq start with 1 increment by 50
Hibernate: create table app_user (user_id bigint not null, email varchar(255), name varchar(255), password varchar(255), roles varchar(255), username varchar(255), primary key (user_id))
Hibernate: create table player (player_id bigint not null, team_id bigint not null, jersey_number varchar(255) not null, player_email varchar(255) not null, player_gothram varchar(255) not null, player_name varchar(255) not null, player_phone varchar(255) not null, player_shirt_size varchar(255) not null, player_photo oid, primary key (player_id))
Hibernate: create table team (id bigint not null, captain varchar(255) not null, location varchar(255) not null, name varchar(255) not null, registered_user varchar(255) not null, representing varchar(255) not null, require_accomodation varchar(255) not null, require_food varchar(255) not null, team_logo oid, primary key (id))
Hibernate: alter table if exists player add constraint FKdvd6ljes11r44igawmpm1mc5s foreign key (team_id) references team
2024-07-19T12:20:33.600+05:30  INFO 85011 --- [           main] o.h.t.s.i.e.GenerationTargetToDatabase   : HHH000476: Executing script '[injected ScriptSourceInputNonExistentImpl script]'
2024-07-19T12:20:33.605+05:30  INFO 85011 --- [           main] j.LocalContainerEntityManagerFactoryBean : Initialized JPA EntityManagerFactory for persistence unit 'default'
2024-07-19T12:20:33.835+05:30  WARN 85011 --- [           main] JpaBaseConfiguration$JpaWebConfiguration : spring.jpa.open-in-view is enabled by default. Therefore, database queries may be performed during view rendering. Explicitly configure spring.jpa.open-in-view to disable this warning
2024-07-19T12:20:33.922+05:30 DEBUG 85011 --- [           main] s.w.s.m.m.a.RequestMappingHandlerMapping : 16 mappings in 'requestMappingHandlerMapping'
2024-07-19T12:20:33.979+05:30 DEBUG 85011 --- [           main] o.s.w.s.handler.SimpleUrlHandlerMapping  : Patterns [/webjars/**, /**] in 'resourceHandlerMapping'
2024-07-19T12:20:33.992+05:30  INFO 85011 --- [           main] o.s.s.web.DefaultSecurityFilterChain     : Will secure any request with [org.springframework.security.web.session.DisableEncodeUrlFilter@50331591, org.springframework.security.web.context.request.async.WebAsyncManagerIntegrationFilter@5cfde2a4, org.springframework.security.web.context.SecurityContextHolderFilter@3f7a7ce6, org.springframework.security.web.header.HeaderWriterFilter@39d37da8, org.springframework.security.web.authentication.logout.LogoutFilter@3453f79c, org.springframework.security.web.authentication.UsernamePasswordAuthenticationFilter@5afaae7e, org.springframework.security.web.savedrequest.RequestCacheAwareFilter@3d8512e9, org.springframework.security.web.servletapi.SecurityContextHolderAwareRequestFilter@118f39f3, org.springframework.security.web.authentication.AnonymousAuthenticationFilter@53fb3e1b, org.springframework.security.web.access.ExceptionTranslationFilter@38d9c9c4, org.springframework.security.web.access.intercept.AuthorizationFilter@5e3a5f0c]
2024-07-19T12:20:34.069+05:30 DEBUG 85011 --- [           main] s.w.s.m.m.a.RequestMappingHandlerAdapter : ControllerAdvice beans: 0 @ModelAttribute, 0 @InitBinder, 1 RequestBodyAdvice, 1 ResponseBodyAdvice
2024-07-19T12:20:34.087+05:30 DEBUG 85011 --- [           main] .m.m.a.ExceptionHandlerExceptionResolver : ControllerAdvice beans: 0 @ExceptionHandler, 1 ResponseBodyAdvice
2024-07-19T12:20:34.127+05:30  INFO 85011 --- [           main] o.v.kvcl.KvlcSecureApplicationTests      : Started KvlcSecureApplicationTests in 8.976 seconds (process running for 9.51)
]]></system-out>
    <system-err><![CDATA[WARNING: A Java agent has been loaded dynamically (/Users/suchithkumar/.m2/repository/net/bytebuddy/byte-buddy-agent/1.14.4/byte-buddy-agent-1.14.4.jar)
WARNING: If a serviceability tool is in use, please run with -XX:+EnableDynamicAgentLoading to hide this warning
WARNING: If a serviceability tool is not in use, please run with -Djdk.instrument.traceUsage for more information
WARNING: Dynamic loading of agents will be disallowed by default in a future release
]]></system-err>
  </testcase>
</testsuite>